0 silly argv {
0 silly argv   _: [ 'bootstrap' ],
0 silly argv   hoist: true,
0 silly argv   lernaVersion: '4.0.0',
0 silly argv   '$0': 'node_modules\\lerna\\cli.js'
0 silly argv }
1 notice cli v4.0.0
2 verbose rootPath A:\context\inhauth
3 error JSONError: Unexpected string in JSON at position 301 while parsing '{  "name": "@inhauth/web",  "version":' in web\package.json
3 error
3 error [0m [90m 13 |[39m     [32m"@hia/core"[39m[33m:[39m [32m"1.0.0"[39m[33m,[39m[0m
3 error [0m [90m 14 |[39m     [32m"@solid/community-server"[39m[33m:[39m [32m"^1.0.0-beta.1"[39m[0m
3 error [0m[31m[1m>[22m[39m[90m 15 |[39m     [32m"n3"[39m[33m:[39m [32m"^1.11.1"[39m[33m,[39m[0m
3 error [0m [90m    |[39m     [31m[1m^[22m[39m[0m
3 error [0m [90m 16 |[39m     [32m"isomorphic-fetch"[39m[33m:[39m [32m"^3.0.0"[39m[33m,[39m[0m
3 error [0m [90m 17 |[39m     [32m"jsonwebtoken"[39m[33m:[39m [32m"^8.5.1"[39m[0m
3 error [0m [90m 18 |[39m   }[33m,[39m[0m
3 error
3 error     at parseJson (A:\context\inhauth\node_modules\parse-json\index.js:29:21)
3 error     at parse (A:\context\inhauth\node_modules\load-json-file\index.js:15:9)
3 error     at module.exports (A:\context\inhauth\node_modules\load-json-file\index.js:18:47)
